# JRE version: Java(TM) SE Runtime Environment (8.0_131-b11) (build 1.8.0_131-b11)
# Java VM: Java HotSpot(TM) 64-Bit Server VM (25.131-b11 mixed mode windows-amd64 compressed oops)
Heap:
 PSYoungGen      total 454144K, used 108115K [0x00000000d6380000, 0x00000000f3400000, 0x0000000100000000)
  eden space 433664K, 20% used [0x00000000d6380000,0x00000000db9e8c80,0x00000000f0b00000)
  from space 20480K, 95% used [0x00000000f0b00000,0x00000000f1e2c010,0x00000000f1f00000)
  to   space 19968K, 0% used [0x00000000f1f00000,0x00000000f1f00000,0x00000000f3280000)
 ParOldGen       total 84992K, used 34245K [0x0000000082a00000, 0x0000000087d00000, 0x00000000d6380000)
  object space 84992K, 40% used [0x0000000082a00000,0x0000000084b714d8,0x0000000087d00000)
 Metaspace       used 48689K, capacity 49624K, committed 49752K, reserved 1091584K
  class space    used 6499K, capacity 6721K, committed 6744K, reserved 1048576K
GC Heap History (10 events):
Event: 10.376 GC heap before
{Heap before GC invocations=11 (full 1):
 PSYoungGen      total 222720K, used 164642K [0x00000000d6380000, 0x00000000eb080000, 0x0000000100000000)
  eden space 210432K, 72% used [0x00000000d6380000,0x00000000df84c720,0x00000000e3100000)
  from space 12288K, 99% used [0x00000000e3100000,0x00000000e3cfc318,0x00000000e3d00000)
  to   space 17408K, 0% used [0x00000000e9f80000,0x00000000e9f80000,0x00000000eb080000)
 ParOldGen       total 55296K, used 20864K [0x0000000082a00000, 0x0000000086000000, 0x00000000d6380000)
  object space 55296K, 37% used [0x0000000082a00000,0x0000000083e60268,0x0000000086000000)
 Metaspace       used 34749K, capacity 35342K, committed 35416K, reserved 1079296K
  class space    used 4517K, capacity 4691K, committed 4696K, reserved 1048576K
Event: 10.388 GC heap after
Heap after GC invocations=11 (full 1):
 PSYoungGen      total 322560K, used 12140K [0x00000000d6380000, 0x00000000eb080000, 0x0000000100000000)
  eden space 305152K, 0% used [0x00000000d6380000,0x00000000d6380000,0x00000000e8d80000)
  from space 17408K, 69% used [0x00000000e9f80000,0x00000000eab5b028,0x00000000eb080000)
  to   space 17920K, 0% used [0x00000000e8d80000,0x00000000e8d80000,0x00000000e9f00000)
 ParOldGen       total 55296K, used 26668K [0x0000000082a00000, 0x0000000086000000, 0x00000000d6380000)
  object space 55296K, 48% used [0x0000000082a00000,0x000000008440b2f8,0x0000000086000000)
 Metaspace       used 34749K, capacity 35342K, committed 35416K, reserved 1079296K
  class space    used 4517K, capacity 4691K, committed 4696K, reserved 1048576K
}
Event: 10.388 GC heap before
{Heap before GC invocations=12 (full 2):
 PSYoungGen      total 322560K, used 12140K [0x00000000d6380000, 0x00000000eb080000, 0x0000000100000000)
  eden space 305152K, 0% used [0x00000000d6380000,0x00000000d6380000,0x00000000e8d80000)
  from space 17408K, 69% used [0x00000000e9f80000,0x00000000eab5b028,0x00000000eb080000)
  to   space 17920K, 0% used [0x00000000e8d80000,0x00000000e8d80000,0x00000000e9f00000)
 ParOldGen       total 55296K, used 26668K [0x0000000082a00000, 0x0000000086000000, 0x00000000d6380000)
  object space 55296K, 48% used [0x0000000082a00000,0x000000008440b2f8,0x0000000086000000)
 Metaspace       used 34749K, capacity 35342K, committed 35416K, reserved 1079296K
  class space    used 4517K, capacity 4691K, committed 4696K, reserved 1048576K
Event: 10.441 GC heap after
Heap after GC invocations=12 (full 2):
 PSYoungGen      total 322560K, used 0K [0x00000000d6380000, 0x00000000eb080000, 0x0000000100000000)
  eden space 305152K, 0% used [0x00000000d6380000,0x00000000d6380000,0x00000000e8d80000)
  from space 17408K, 0% used [0x00000000e9f80000,0x00000000e9f80000,0x00000000eb080000)
  to   space 17920K, 0% used [0x00000000e8d80000,0x00000000e8d80000,0x00000000e9f00000)
 ParOldGen       total 84992K, used 27188K [0x0000000082a00000, 0x0000000087d00000, 0x00000000d6380000)
  object space 84992K, 31% used [0x0000000082a00000,0x000000008448d240,0x0000000087d00000)
 Metaspace       used 34749K, capacity 35342K, committed 35416K, reserved 1079296K
  class space    used 4517K, capacity 4691K, committed 4696K, reserved 1048576K
}
Event: 11.272 GC heap before
{Heap before GC invocations=13 (full 2):
 PSYoungGen      total 322560K, used 305152K [0x00000000d6380000, 0x00000000eb080000, 0x0000000100000000)
  eden space 305152K, 100% used [0x00000000d6380000,0x00000000e8d80000,0x00000000e8d80000)
  from space 17408K, 0% used [0x00000000e9f80000,0x00000000e9f80000,0x00000000eb080000)
  to   space 17920K, 0% used [0x00000000e8d80000,0x00000000e8d80000,0x00000000e9f00000)
 ParOldGen       total 84992K, used 27188K [0x0000000082a00000, 0x0000000087d00000, 0x00000000d6380000)
  object space 84992K, 31% used [0x0000000082a00000,0x000000008448d240,0x0000000087d00000)
 Metaspace       used 36693K, capacity 37280K, committed 37464K, reserved 1081344K
  class space    used 4807K, capacity 4950K, committed 4952K, reserved 1048576K
Event: 11.282 GC heap after
Heap after GC invocations=13 (full 2):
 PSYoungGen      total 323072K, used 15835K [0x00000000d6380000, 0x00000000f3280000, 0x0000000100000000)
  eden space 305152K, 0% used [0x00000000d6380000,0x00000000d6380000,0x00000000e8d80000)
  from space 17920K, 88% used [0x00000000e8d80000,0x00000000e9cf6db0,0x00000000e9f00000)
  to   space 19968K, 0% used [0x00000000f1f00000,0x00000000f1f00000,0x00000000f3280000)
 ParOldGen       total 84992K, used 27196K [0x0000000082a00000, 0x0000000087d00000, 0x00000000d6380000)
  object space 84992K, 31% used [0x0000000082a00000,0x000000008448f240,0x0000000087d00000)
 Metaspace       used 36693K, capacity 37280K, committed 37464K, reserved 1081344K
  class space    used 4807K, capacity 4950K, committed 4952K, reserved 1048576K
}
Event: 11.965 GC heap before
{Heap before GC invocations=14 (full 2):
 PSYoungGen      total 323072K, used 320987K [0x00000000d6380000, 0x00000000f3280000, 0x0000000100000000)
  eden space 305152K, 100% used [0x00000000d6380000,0x00000000e8d80000,0x00000000e8d80000)
  from space 17920K, 88% used [0x00000000e8d80000,0x00000000e9cf6db0,0x00000000e9f00000)
  to   space 19968K, 0% used [0x00000000f1f00000,0x00000000f1f00000,0x00000000f3280000)
 ParOldGen       total 84992K, used 27196K [0x0000000082a00000, 0x0000000087d00000, 0x00000000d6380000)
  object space 84992K, 31% used [0x0000000082a00000,0x000000008448f240,0x0000000087d00000)
 Metaspace       used 38192K, capacity 38896K, committed 39000K, reserved 1083392K
  class space    used 5004K, capacity 5166K, committed 5208K, reserved 1048576K
Event: 11.977 GC heap after
Heap after GC invocations=14 (full 2):
 PSYoungGen      total 453632K, used 14018K [0x00000000d6380000, 0x00000000f3400000, 0x0000000100000000)
  eden space 433664K, 0% used [0x00000000d6380000,0x00000000d6380000,0x00000000f0b00000)
  from space 19968K, 70% used [0x00000000f1f00000,0x00000000f2cb0950,0x00000000f3280000)
  to   space 20480K, 0% used [0x00000000f0b00000,0x00000000f0b00000,0x00000000f1f00000)
 ParOldGen       total 84992K, used 30568K [0x0000000082a00000, 0x0000000087d00000, 0x00000000d6380000)
  object space 84992K, 35% used [0x0000000082a00000,0x00000000847da0f0,0x0000000087d00000)
 Metaspace       used 38192K, capacity 38896K, committed 39000K, reserved 1083392K
  class space    used 5004K, capacity 5166K, committed 5208K, reserved 1048576K
}
Event: 1660.129 GC heap before
{Heap before GC invocations=15 (full 2):
 PSYoungGen      total 453632K, used 447682K [0x00000000d6380000, 0x00000000f3400000, 0x0000000100000000)
  eden space 433664K, 100% used [0x00000000d6380000,0x00000000f0b00000,0x00000000f0b00000)
  from space 19968K, 70% used [0x00000000f1f00000,0x00000000f2cb0950,0x00000000f3280000)
  to   space 20480K, 0% used [0x00000000f0b00000,0x00000000f0b00000,0x00000000f1f00000)
 ParOldGen       total 84992K, used 30568K [0x0000000082a00000, 0x0000000087d00000, 0x00000000d6380000)
  object space 84992K, 35% used [0x0000000082a00000,0x00000000847da0f0,0x0000000087d00000)
 Metaspace       used 47249K, capacity 48142K, committed 48344K, reserved 1091584K
  class space    used 6286K, capacity 6490K, committed 6616K, reserved 1048576K
Event: 1661.007 GC heap after
Heap after GC invocations=15 (full 2):
 PSYoungGen      total 454144K, used 19632K [0x00000000d6380000, 0x00000000f3400000, 0x0000000100000000)
  eden space 433664K, 0% used [0x00000000d6380000,0x00000000d6380000,0x00000000f0b00000)
  from space 20480K, 95% used [0x00000000f0b00000,0x00000000f1e2c010,0x00000000f1f00000)
  to   space 19968K, 0% used [0x00000000f1f00000,0x00000000f1f00000,0x00000000f3280000)
 ParOldGen       total 84992K, used 34245K [0x0000000082a00000, 0x0000000087d00000, 0x00000000d6380000)
  object space 84992K, 40% used [0x0000000082a00000,0x0000000084b714d8,0x0000000087d00000)
 Metaspace       used 47249K, capacity 48142K, committed 48344K, reserved 1091584K
  class space    used 6286K, capacity 6490K, committed 6616K, reserved 1048576K
}

